[ 2014-09-19T10:15:51+08:00 ] 127.0.0.1 /ThinkPHP/Home/Home/Loading/Start/8
INFO: [ app_begin ] --START--
INFO: ReadHtmlCache Behavior ::run [ RunTime:0.001276s ]
INFO: [ app_begin ] --END-- [ RunTime:0.001459s ]

[ 2014-09-19T10:15:54+08:00 ] 127.0.0.1 /ThinkPHP/Home/Home/Loading/Start/16
INFO: [ app_begin ] --START--
INFO: ReadHtmlCache Behavior ::run [ RunTime:0.000923s ]
INFO: [ app_begin ] --END-- [ RunTime:0.001084s ]

[ 2014-09-19T11:37:02+08:00 ] 127.0.0.1 /ThinkPHP/Home/Home/Index%E3%80%81
ERR: 非法操作:Index、

[ 2014-09-19T11:37:37+08:00 ] 127.0.0.1 /ThinkPHP/Home/Home/SpList/
ERR: 非法操作:SpList

[ 2014-09-19T11:50:40+08:00 ] 127.0.0.1 /ThinkPHP/Home/Home/Loading/Start/8
INFO: [ app_begin ] --START--
INFO: ReadHtmlCache Behavior ::run [ RunTime:0.000889s ]
INFO: [ app_begin ] --END-- [ RunTime:0.001049s ]
SQL: SHOW COLUMNS FROM `my_sping` [ RunTime:0.004114s ]
SQL: SELECT * FROM `my_sping` LIMIT 8,8   [ RunTime:0.000398s ]

[ 2014-09-19T11:50:42+08:00 ] 127.0.0.1 /ThinkPHP/Home/Home/Loading/Start/16
INFO: [ app_begin ] --START--
INFO: ReadHtmlCache Behavior ::run [ RunTime:0.000861s ]
INFO: [ app_begin ] --END-- [ RunTime:0.001012s ]
SQL: SHOW COLUMNS FROM `my_sping` [ RunTime:0.003868s ]
SQL: SELECT * FROM `my_sping` LIMIT 16,8   [ RunTime:0.000390s ]

[ 2014-09-19T11:50:44+08:00 ] 127.0.0.1 /ThinkPHP/Home/Home/Loading/Start/24
INFO: [ app_begin ] --START--
INFO: ReadHtmlCache Behavior ::run [ RunTime:0.000856s ]
INFO: [ app_begin ] --END-- [ RunTime:0.001008s ]
SQL: SHOW COLUMNS FROM `my_sping` [ RunTime:0.004002s ]
SQL: SELECT * FROM `my_sping` LIMIT 24,8   [ RunTime:0.000409s ]

[ 2014-09-19T11:50:45+08:00 ] 127.0.0.1 /ThinkPHP/Home/Home/Loading/Start/32
INFO: [ app_begin ] --START--
INFO: ReadHtmlCache Behavior ::run [ RunTime:0.000914s ]
INFO: [ app_begin ] --END-- [ RunTime:0.001071s ]
SQL: SHOW COLUMNS FROM `my_sping` [ RunTime:0.004192s ]
SQL: SELECT * FROM `my_sping` LIMIT 32,8   [ RunTime:0.000429s ]

[ 2014-09-19T12:00:47+08:00 ] 127.0.0.1 /ThinkPHP/Home/Home/ShoppingTrolley/goods/15/Num/20
INFO: [ app_begin ] --START--
INFO: ReadHtmlCache Behavior ::run [ RunTime:0.000990s ]
INFO: [ app_begin ] --END-- [ RunTime:0.001169s ]

[ 2014-09-19T12:01:36+08:00 ] 127.0.0.1 /ThinkPHP/Home/Home/ShoppingTrolley/goods/15/Num/200
INFO: [ app_begin ] --START--
INFO: ReadHtmlCache Behavior ::run [ RunTime:0.000857s ]
INFO: [ app_begin ] --END-- [ RunTime:0.001010s ]

[ 2014-09-19T12:01:48+08:00 ] 127.0.0.1 /ThinkPHP/Home/Home/ShoppingTrolley/goods/12/Num/5
INFO: [ app_begin ] --START--
INFO: ReadHtmlCache Behavior ::run [ RunTime:0.000951s ]
INFO: [ app_begin ] --END-- [ RunTime:0.001105s ]

[ 2014-09-19T12:02:17+08:00 ] 127.0.0.1 /ThinkPHP/Home/Home/Loading/Start/8
INFO: [ app_begin ] --START--
INFO: ReadHtmlCache Behavior ::run [ RunTime:0.000953s ]
INFO: [ app_begin ] --END-- [ RunTime:0.001112s ]
SQL: SHOW COLUMNS FROM `my_sping` [ RunTime:0.003963s ]
SQL: SELECT * FROM `my_sping` LIMIT 8,8   [ RunTime:0.000414s ]

[ 2014-09-19T12:02:18+08:00 ] 127.0.0.1 /ThinkPHP/Home/Home/Loading/Start/16
INFO: [ app_begin ] --START--
INFO: ReadHtmlCache Behavior ::run [ RunTime:0.001085s ]
INFO: [ app_begin ] --END-- [ RunTime:0.001264s ]
SQL: SHOW COLUMNS FROM `my_sping` [ RunTime:0.004152s ]
SQL: SELECT * FROM `my_sping` LIMIT 16,8   [ RunTime:0.000395s ]

[ 2014-09-19T12:42:09+08:00 ] 127.0.0.1 /ThinkPHP/Home/Home/ShoppingTrolley/goods/18/Num/
INFO: [ app_begin ] --START--
INFO: ReadHtmlCache Behavior ::run [ RunTime:0.001025s ]
INFO: [ app_begin ] --END-- [ RunTime:0.001191s ]

[ 2014-09-19T12:52:31+08:00 ] 127.0.0.1 /ThinkPHP/Home/Home/ShoppingTrolley/goods/12/Num/20
INFO: [ app_begin ] --START--
INFO: ReadHtmlCache Behavior ::run [ RunTime:0.000975s ]
INFO: [ app_begin ] --END-- [ RunTime:0.001135s ]

[ 2014-09-19T12:52:37+08:00 ] 127.0.0.1 /ThinkPHP/Home/Home/ShoppingTrolley/goods/13/Num/10
INFO: [ app_begin ] --START--
INFO: ReadHtmlCache Behavior ::run [ RunTime:0.001066s ]
INFO: [ app_begin ] --END-- [ RunTime:0.001236s ]

[ 2014-09-19T12:52:42+08:00 ] 127.0.0.1 /ThinkPHP/Home/AllData.html
ERR: 无法加载模块:AllData

[ 2014-09-19T13:25:35+08:00 ] 127.0.0.1 /ThinkPHP/Home/Home/ShoppingTrolley/goods/15/Num/2
INFO: [ app_begin ] --START--
INFO: ReadHtmlCache Behavior ::run [ RunTime:0.000872s ]
INFO: [ app_begin ] --END-- [ RunTime:0.001027s ]

[ 2014-09-19T13:25:39+08:00 ] 127.0.0.1 /ThinkPHP/Home/Home/ShoppingTrolley/goods/12/Num/2
INFO: [ app_begin ] --START--
INFO: ReadHtmlCache Behavior ::run [ RunTime:0.000860s ]
INFO: [ app_begin ] --END-- [ RunTime:0.001017s ]

[ 2014-09-19T13:26:15+08:00 ] 127.0.0.1 /ThinkPHP/Home/Home/CpList%E3%80%81
ERR: 非法操作:CpList、

[ 2014-09-19T13:26:25+08:00 ] 127.0.0.1 /ThinkPHP/Home/Home/ShoppingTrolley/goods/15/Num/1
INFO: [ app_begin ] --START--
INFO: ReadHtmlCache Behavior ::run [ RunTime:0.000988s ]
INFO: [ app_begin ] --END-- [ RunTime:0.001148s ]

[ 2014-09-19T13:26:26+08:00 ] 127.0.0.1 /ThinkPHP/Home/Home/ShoppingTrolley/goods/8/Num/1
INFO: [ app_begin ] --START--
INFO: ReadHtmlCache Behavior ::run [ RunTime:0.001302s ]
INFO: [ app_begin ] --END-- [ RunTime:0.001474s ]

[ 2014-09-19T13:48:49+08:00 ] 127.0.0.1 /ThinkPHP/Home/Home/ShoppingTrolley/goods/8/Num/
INFO: [ app_begin ] --START--
INFO: ReadHtmlCache Behavior ::run [ RunTime:0.001021s ]
INFO: [ app_begin ] --END-- [ RunTime:0.001192s ]

[ 2014-09-19T13:48:50+08:00 ] 127.0.0.1 /ThinkPHP/Home/Home/ShoppingTrolley/goods/15/Num/
INFO: [ app_begin ] --START--
INFO: ReadHtmlCache Behavior ::run [ RunTime:0.001131s ]
INFO: [ app_begin ] --END-- [ RunTime:0.001828s ]

[ 2014-09-19T13:48:52+08:00 ] 127.0.0.1 /ThinkPHP/Home/Home/ShoppingTrolley/goods/12/Num/
INFO: [ app_begin ] --START--
INFO: ReadHtmlCache Behavior ::run [ RunTime:0.001216s ]
INFO: [ app_begin ] --END-- [ RunTime:0.001410s ]

[ 2014-09-19T14:43:31+08:00 ] 127.0.0.1 /ThinkPHP/Home/Play
ERR: 非法操作:index

[ 2014-09-19T14:43:56+08:00 ] 127.0.0.1 /ThinkPHP/Home/Home/css/style.css
ERR: 非法操作:css

[ 2014-09-19T15:32:26+08:00 ] 127.0.0.1 /ThinkPHP/Home/Home/Loading/Start/8
INFO: [ app_begin ] --START--
INFO: ReadHtmlCache Behavior ::run [ RunTime:0.000880s ]
INFO: [ app_begin ] --END-- [ RunTime:0.001033s ]
SQL: SHOW COLUMNS FROM `my_sping` [ RunTime:0.005700s ]
SQL: SELECT * FROM `my_sping` LIMIT 8,8   [ RunTime:0.000426s ]

[ 2014-09-19T15:32:27+08:00 ] 127.0.0.1 /ThinkPHP/Home/Home/Loading/Start/16
INFO: [ app_begin ] --START--
INFO: ReadHtmlCache Behavior ::run [ RunTime:0.000881s ]
INFO: [ app_begin ] --END-- [ RunTime:0.001039s ]
SQL: SHOW COLUMNS FROM `my_sping` [ RunTime:0.004569s ]
SQL: SELECT * FROM `my_sping` LIMIT 16,8   [ RunTime:0.000409s ]

[ 2014-09-19T15:35:05+08:00 ] 127.0.0.1 /ThinkPHP/Home/Home/Loading/Start/8
INFO: [ app_begin ] --START--
INFO: ReadHtmlCache Behavior ::run [ RunTime:0.001004s ]
INFO: [ app_begin ] --END-- [ RunTime:0.001165s ]
SQL: SHOW COLUMNS FROM `my_sping` [ RunTime:0.004820s ]
SQL: SELECT * FROM `my_sping` LIMIT 8,8   [ RunTime:0.000441s ]

[ 2014-09-19T15:35:06+08:00 ] 127.0.0.1 /ThinkPHP/Home/Home/Loading/Start/16
INFO: [ app_begin ] --START--
INFO: ReadHtmlCache Behavior ::run [ RunTime:0.000928s ]
INFO: [ app_begin ] --END-- [ RunTime:0.001087s ]
SQL: SHOW COLUMNS FROM `my_sping` [ RunTime:0.004557s ]
SQL: SELECT * FROM `my_sping` LIMIT 16,8   [ RunTime:0.000403s ]

[ 2014-09-19T15:36:19+08:00 ] 127.0.0.1 /ThinkPHP/Home/Home/Loading/Start/8
INFO: [ app_begin ] --START--
INFO: ReadHtmlCache Behavior ::run [ RunTime:0.000965s ]
INFO: [ app_begin ] --END-- [ RunTime:0.001120s ]
SQL: SHOW COLUMNS FROM `my_sping` [ RunTime:0.004522s ]
SQL: SELECT * FROM `my_sping` LIMIT 8,8   [ RunTime:0.000469s ]

[ 2014-09-19T15:36:21+08:00 ] 127.0.0.1 /ThinkPHP/Home/Home/Loading/Start/16
INFO: [ app_begin ] --START--
INFO: ReadHtmlCache Behavior ::run [ RunTime:0.000967s ]
INFO: [ app_begin ] --END-- [ RunTime:0.001131s ]
SQL: SHOW COLUMNS FROM `my_sping` [ RunTime:0.004555s ]
SQL: SELECT * FROM `my_sping` LIMIT 16,8   [ RunTime:0.000389s ]

[ 2014-09-19T15:58:57+08:00 ] 127.0.0.1 /ThinkPHP/Public/Admin/js/jquery-1.10.2.min.map
ERR: 无法加载模块:Public

[ 2014-09-19T16:47:32+08:00 ] 127.0.0.1 /ThinkPHP/Admin/Order/DeleteData/Id/100/cid/
ERR: Model:del您所请求的方法不存在！

[ 2014-09-19T16:47:47+08:00 ] 127.0.0.1 /ThinkPHP/Admin/Order/DeleteData/Id/21/cid/
ERR: Model:del您所请求的方法不存在！

[ 2014-09-19T16:50:07+08:00 ] 127.0.0.1 /ThinkPHP/Home/Home/Loading/Start/8
INFO: [ app_begin ] --START--
INFO: ReadHtmlCache Behavior ::run [ RunTime:0.000953s ]
INFO: [ app_begin ] --END-- [ RunTime:0.001108s ]
SQL: SHOW COLUMNS FROM `my_sping` [ RunTime:0.004598s ]
SQL: SELECT * FROM `my_sping` LIMIT 8,8   [ RunTime:0.000411s ]

[ 2014-09-19T16:50:08+08:00 ] 127.0.0.1 /ThinkPHP/Home/Home/Loading/Start/16
INFO: [ app_begin ] --START--
INFO: ReadHtmlCache Behavior ::run [ RunTime:0.000890s ]
INFO: [ app_begin ] --END-- [ RunTime:0.001044s ]
SQL: SHOW COLUMNS FROM `my_sping` [ RunTime:0.004625s ]
SQL: SELECT * FROM `my_sping` LIMIT 16,8   [ RunTime:0.000395s ]

[ 2014-09-19T16:53:52+08:00 ] 127.0.0.1 /ThinkPHP/Home/Home/Loading/Start/8
INFO: [ app_begin ] --START--
INFO: ReadHtmlCache Behavior ::run [ RunTime:0.000890s ]
INFO: [ app_begin ] --END-- [ RunTime:0.001060s ]
SQL: SHOW COLUMNS FROM `my_sping` [ RunTime:0.004944s ]
SQL: SELECT * FROM `my_sping` LIMIT 8,8   [ RunTime:0.000429s ]

[ 2014-09-19T17:22:23+08:00 ] 127.0.0.1 /ThinkPHP/Home/Home/ShoppingTrolley/goods/8/Num/10
INFO: [ app_begin ] --START--
INFO: ReadHtmlCache Behavior ::run [ RunTime:0.001102s ]
INFO: [ app_begin ] --END-- [ RunTime:0.001266s ]

[ 2014-09-19T17:22:24+08:00 ] 127.0.0.1 /ThinkPHP/Home/Home/ShoppingTrolley/goods/15/Num/10
INFO: [ app_begin ] --START--
INFO: ReadHtmlCache Behavior ::run [ RunTime:0.001213s ]
INFO: [ app_begin ] --END-- [ RunTime:0.001382s ]

[ 2014-09-19T17:28:19+08:00 ] 127.0.0.1 /ThinkPHP/Home/Home/ShoppingTrolley/goods/8/Num/5
INFO: [ app_begin ] --START--
INFO: ReadHtmlCache Behavior ::run [ RunTime:0.001253s ]
INFO: [ app_begin ] --END-- [ RunTime:0.001417s ]

[ 2014-09-19T17:28:21+08:00 ] 127.0.0.1 /ThinkPHP/Home/Home/ShoppingTrolley/goods/15/Num/10
INFO: [ app_begin ] --START--
INFO: ReadHtmlCache Behavior ::run [ RunTime:0.000924s ]
INFO: [ app_begin ] --END-- [ RunTime:0.001082s ]

[ 2014-09-19T18:08:57+08:00 ] 127.0.0.1 /ThinkPHP/Home/Home/ShoppingTrolley/goods/8/Num/10
INFO: [ app_begin ] --START--
INFO: ReadHtmlCache Behavior ::run [ RunTime:0.001245s ]
INFO: [ app_begin ] --END-- [ RunTime:0.001409s ]

[ 2014-09-19T18:08:59+08:00 ] 127.0.0.1 /ThinkPHP/Home/Home/ShoppingTrolley/goods/15/Num/10
INFO: [ app_begin ] --START--
INFO: ReadHtmlCache Behavior ::run [ RunTime:0.000882s ]
INFO: [ app_begin ] --END-- [ RunTime:0.001038s ]

[ 2014-09-19T18:13:49+08:00 ] 127.0.0.1 /ThinkPHP/Home/Home/ShoppingTrolley/goods/16/Num/1
INFO: [ app_begin ] --START--
INFO: ReadHtmlCache Behavior ::run [ RunTime:0.001047s ]
INFO: [ app_begin ] --END-- [ RunTime:0.001214s ]

[ 2014-09-19T18:13:50+08:00 ] 127.0.0.1 /ThinkPHP/Home/Home/ShoppingTrolley/goods/17/Num/1
INFO: [ app_begin ] --START--
INFO: ReadHtmlCache Behavior ::run [ RunTime:0.000957s ]
INFO: [ app_begin ] --END-- [ RunTime:0.001114s ]

[ 2014-09-19T18:52:12+08:00 ] 127.0.0.1 /ThinkPHP/Home/Home/Loading/Start/8
INFO: [ app_begin ] --START--
INFO: ReadHtmlCache Behavior ::run [ RunTime:0.000900s ]
INFO: [ app_begin ] --END-- [ RunTime:0.001059s ]
SQL: SHOW COLUMNS FROM `my_sping` [ RunTime:0.004731s ]
SQL: SELECT * FROM `my_sping` LIMIT 8,8   [ RunTime:0.000464s ]

[ 2014-09-19T18:52:13+08:00 ] 127.0.0.1 /ThinkPHP/Home/Home/Loading/Start/16
INFO: [ app_begin ] --START--
INFO: ReadHtmlCache Behavior ::run [ RunTime:0.000966s ]
INFO: [ app_begin ] --END-- [ RunTime:0.001147s ]
SQL: SHOW COLUMNS FROM `my_sping` [ RunTime:0.004479s ]
SQL: SELECT * FROM `my_sping` LIMIT 16,8   [ RunTime:0.000394s ]

